<?xml version="1.0" encoding="UTF-8"?>
<testng-results ignored="0" total="1" passed="1" failed="0" skipped="0">
  <reporter-output>
  </reporter-output>
  <suite started-at="2023-08-11T11:44:17 IST" name="Default suite" finished-at="2023-08-11T11:44:48 IST" duration-ms="30617">
    <groups>
    </groups>
    <test started-at="2023-08-11T11:44:17 IST" name="Default test" finished-at="2023-08-11T11:44:48 IST" duration-ms="30617">
      <class name="rahulshettyacademy.tests.FactoryTest">
        <test-method is-config="true" signature="init()[pri:0, instance:rahulshettyacademy.tests.FactoryTest@18df8434]" started-at="2023-08-11T11:44:18 IST" name="init" finished-at="2023-08-11T11:44:22 IST" duration-ms="4009" status="PASS">
          <reporter-output>
          </reporter-output>
        </test-method> <!-- init -->
        <test-method signature="placeOrder()[pri:0, instance:rahulshettyacademy.tests.FactoryTest@18df8434]" started-at="2023-08-11T11:44:22 IST" name="placeOrder" finished-at="2023-08-11T11:44:48 IST" duration-ms="26549" status="PASS">
          <reporter-output>
          </reporter-output>
        </test-method> <!-- placeOrder -->
      </class> <!-- rahulshettyacademy.tests.FactoryTest -->
    </test> <!-- Default test -->
  </suite> <!-- Default suite -->
</testng-results>
